<?xml version="1.0" encoding="UTF-8"?>
<!-- Generated by org.testng.reporters.JUnitReportReporter -->
<testsuite hostname="COTVADCPRVD0579" name="testScenarios.Login_PageTest" tests="1" failures="0" timestamp="31 Jul 2023 05:51:07 GMT" time="0.005" errors="1">
  <testcase name="basepage" time="0.005" classname="testScenarios.Login_PageTest">
    <error type="org.openqa.selenium.SessionNotCreatedException" message="session not created: This version of ChromeDriver only supports Chrome version 96
Current browser version is 115.0.5790.110 with binary path C:\Program Files (x86)\Google\Chrome\Application\chrome.exe
Build info: version: &#039;3.141.0&#039;, revision: &#039;2ecb7d9a&#039;, time: &#039;2018-10-31T20:09:30&#039;
System info: host: &#039;COTVADCPRVD0579&#039;, ip: &#039;10.32.167.219&#039;, os.name: &#039;Windows 10&#039;, os.arch: &#039;amd64&#039;, os.version: &#039;10.0&#039;, java.version: &#039;1.8.0_212&#039;
Driver info: driver.version: ChromeDriver
remote stacktrace: Backtrace:
	Ordinal0 [0x010A6023+2514979]
	Ordinal0 [0x0103F6B1+2094769]
	Ordinal0 [0x00F426C8+1058504]
	Ordinal0 [0x00F60A0D+1182221]
	Ordinal0 [0x00F5C8D0+1165520]
	Ordinal0 [0x00F5A13F+1155391]
	Ordinal0 [0x00F8A8EF+1353967]
	Ordinal0 [0x00F8A55A+1353050]
	Ordinal0 [0x00F861EB+1335787]
	Ordinal0 [0x00F62617+1189399]
	Ordinal0 [0x00F63479+1193081]
	GetHandleVerifier [0x01235624+1579748]
	GetHandleVerifier [0x012E0417+2279639]
	GetHandleVerifier [0x0113473B+527355]
	GetHandleVerifier [0x011337E9+523433]
	Ordinal0 [0x01044BF9+2116601]
	Ordinal0 [0x01049238+2134584]
	Ordinal0 [0x01049372+2134898]
	Ordinal0 [0x01052EB1+2174641]
	BaseThreadInitThunk [0x77C80099+25]
	RtlGetAppContainerNamedObjectPath [0x77E47B6E+286]
	RtlGetAppContainerNamedObjectPath [0x77E47B3E+238]
">
      <![CDATA[org.openqa.selenium.SessionNotCreatedException: session not created: This version of ChromeDriver only supports Chrome version 96
Current browser version is 115.0.5790.110 with binary path C:\Program Files (x86)\Google\Chrome\Application\chrome.exe
Build info: version: '3.141.0', revision: '2ecb7d9a', time: '2018-10-31T20:09:30'
System info: host: 'COTVADCPRVD0579', ip: '10.32.167.219', os.name: 'Windows 10', os.arch: 'amd64', os.version: '10.0', java.version: '1.8.0_212'
Driver info: driver.version: ChromeDriver
remote stacktrace: Backtrace:
	Ordinal0 [0x010A6023+2514979]
	Ordinal0 [0x0103F6B1+2094769]
	Ordinal0 [0x00F426C8+1058504]
	Ordinal0 [0x00F60A0D+1182221]
	Ordinal0 [0x00F5C8D0+1165520]
	Ordinal0 [0x00F5A13F+1155391]
	Ordinal0 [0x00F8A8EF+1353967]
	Ordinal0 [0x00F8A55A+1353050]
	Ordinal0 [0x00F861EB+1335787]
	Ordinal0 [0x00F62617+1189399]
	Ordinal0 [0x00F63479+1193081]
	GetHandleVerifier [0x01235624+1579748]
	GetHandleVerifier [0x012E0417+2279639]
	GetHandleVerifier [0x0113473B+527355]
	GetHandleVerifier [0x011337E9+523433]
	Ordinal0 [0x01044BF9+2116601]
	Ordinal0 [0x01049238+2134584]
	Ordinal0 [0x01049372+2134898]
	Ordinal0 [0x01052EB1+2174641]
	BaseThreadInitThunk [0x77C80099+25]
	RtlGetAppContainerNamedObjectPath [0x77E47B6E+286]
	RtlGetAppContainerNamedObjectPath [0x77E47B3E+238]

	at sun.reflect.NativeConstructorAccessorImpl.newInstance0(Native Method)
	at sun.reflect.NativeConstructorAccessorImpl.newInstance(Unknown Source)
	at sun.reflect.DelegatingConstructorAccessorImpl.newInstance(Unknown Source)
	at java.lang.reflect.Constructor.newInstance(Unknown Source)
	at org.openqa.selenium.remote.W3CHandshakeResponse.lambda$errorHandler$0(W3CHandshakeResponse.java:62)
	at org.openqa.selenium.remote.HandshakeResponse.lambda$getResponseFunction$0(HandshakeResponse.java:30)
	at org.openqa.selenium.remote.ProtocolHandshake.lambda$createSession$0(ProtocolHandshake.java:123)
	at java.util.stream.ReferencePipeline$3$1.accept(Unknown Source)
	at java.util.Spliterators$ArraySpliterator.tryAdvance(Unknown Source)
	at java.util.stream.ReferencePipeline.forEachWithCancel(Unknown Source)
	at java.util.stream.AbstractPipeline.copyIntoWithCancel(Unknown Source)
	at java.util.stream.AbstractPipeline.copyInto(Unknown Source)
	at java.util.stream.AbstractPipeline.wrapAndCopyInto(Unknown Source)
	at java.util.stream.FindOps$FindOp.evaluateSequential(Unknown Source)
	at java.util.stream.AbstractPipeline.evaluate(Unknown Source)
	at java.util.stream.ReferencePipeline.findFirst(Unknown Source)
	at org.openqa.selenium.remote.ProtocolHandshake.createSession(ProtocolHandshake.java:125)
	at org.openqa.selenium.remote.ProtocolHandshake.createSession(ProtocolHandshake.java:74)
	at org.openqa.selenium.remote.HttpCommandExecutor.execute(HttpCommandExecutor.java:136)
	at org.openqa.selenium.remote.service.DriverCommandExecutor.execute(DriverCommandExecutor.java:83)
	at org.openqa.selenium.remote.RemoteWebDriver.execute(RemoteWebDriver.java:552)
	at org.openqa.selenium.remote.RemoteWebDriver.startSession(RemoteWebDriver.java:213)
	at org.openqa.selenium.remote.RemoteWebDriver.<init>(RemoteWebDriver.java:131)
	at org.openqa.selenium.chrome.ChromeDriver.<init>(ChromeDriver.java:181)
	at org.openqa.selenium.chrome.ChromeDriver.<init>(ChromeDriver.java:168)
	at org.openqa.selenium.chrome.ChromeDriver.<init>(ChromeDriver.java:123)
	at util.base.initializeDriver(base.java:42)
	at testScenarios.Login_PageTest.Driver(Login_PageTest.java:33)
	at sun.reflect.NativeMethodAccessorImpl.invoke0(Native Method)
	at sun.reflect.NativeMethodAccessorImpl.invoke(Unknown Source)
	at sun.reflect.DelegatingMethodAccessorImpl.invoke(Unknown Source)
	at java.lang.reflect.Method.invoke(Unknown Source)
	at org.testng.internal.MethodInvocationHelper.invokeMethod(MethodInvocationHelper.java:85)
	at org.testng.internal.Invoker.invokeConfigurationMethod(Invoker.java:510)
	at org.testng.internal.Invoker.invokeConfigurations(Invoker.java:211)
	at org.testng.internal.Invoker.invokeMethod(Invoker.java:585)
	at org.testng.internal.Invoker.invokeTestMethod(Invoker.java:816)
	at org.testng.internal.Invoker.invokeTestMethods(Invoker.java:1124)
	at org.testng.internal.TestMethodWorker.invokeTestMethods(TestMethodWorker.java:125)
	at org.testng.internal.TestMethodWorker.run(TestMethodWorker.java:108)
	at org.testng.TestRunner.privateRun(TestRunner.java:774)
	at org.testng.TestRunner.run(TestRunner.java:624)
	at org.testng.SuiteRunner.runTest(SuiteRunner.java:359)
	at org.testng.SuiteRunner.runSequentially(SuiteRunner.java:354)
	at org.testng.SuiteRunner.privateRun(SuiteRunner.java:312)
	at org.testng.SuiteRunner.run(SuiteRunner.java:261)
	at org.testng.SuiteRunnerWorker.runSuite(SuiteRunnerWorker.java:52)
	at org.testng.SuiteRunnerWorker.run(SuiteRunnerWorker.java:86)
	at org.testng.TestNG.runSuitesSequentially(TestNG.java:1215)
	at org.testng.TestNG.runSuitesLocally(TestNG.java:1140)
	at org.testng.TestNG.run(TestNG.java:1048)
	at org.testng.remote.RemoteTestNG.run(RemoteTestNG.java:112)
	at org.testng.remote.RemoteTestNG.initAndRun(RemoteTestNG.java:205)
	at org.testng.remote.RemoteTestNG.main(RemoteTestNG.java:176)
]]>
    </error>
  </testcase> <!-- basepage -->
</testsuite> <!-- testScenarios.Login_PageTest -->
